e:\users\bilal\documents\github\resolutionf-x-\c++\solvefx\solvefx\debug\solvefx.pch
e:\users\bilal\documents\github\resolutionf-x-\c++\solvefx\solvefx\debug\vc140.pdb
e:\users\bilal\documents\github\resolutionf-x-\c++\solvefx\solvefx\debug\vc140.idb
e:\users\bilal\documents\github\resolutionf-x-\c++\solvefx\solvefx\debug\stdafx.obj
e:\users\bilal\documents\github\resolutionf-x-\c++\solvefx\solvefx\debug\solvefx.obj
e:\users\bilal\documents\github\resolutionf-x-\c++\solvefx\debug\solvefx.ilk
e:\users\bilal\documents\github\resolutionf-x-\c++\solvefx\debug\solvefx.exe
e:\users\bilal\documents\github\resolutionf-x-\c++\solvefx\debug\solvefx.pdb
e:\users\bilal\documents\github\resolutionf-x-\cpp\solvefx\solvefx\debug\solvefx.obj
e:\users\bilal\documents\github\resolutionf-x-\cpp\solvefx\solvefx\debug\stdafx.obj
e:\users\bilal\documents\github\resolutionf-x-\cpp\solvefx\solvefx\debug\solvefx.pch
e:\users\bilal\documents\github\resolutionf-x-\cpp\solvefx\solvefx\debug\vc140.idb
e:\users\bilal\documents\github\resolutionf-x-\cpp\solvefx\solvefx\debug\vc140.pdb
e:\users\bilal\documents\github\resolutionf-x-\cpp\solvefx\debug\solvefx.pdb
e:\users\bilal\documents\github\resolutionf-x-\cpp\solvefx\debug\solvefx.exe
e:\users\bilal\documents\github\resolutionf-x-\cpp\solvefx\debug\solvefx.ilk
e:\users\bilal\documents\github\resolutionf-x-\cpp\solvefx\solvefx\debug\solvefx.tlog\cl.command.1.tlog
e:\users\bilal\documents\github\resolutionf-x-\cpp\solvefx\solvefx\debug\solvefx.tlog\cl.read.1.tlog
e:\users\bilal\documents\github\resolutionf-x-\cpp\solvefx\solvefx\debug\solvefx.tlog\cl.write.1.tlog
e:\users\bilal\documents\github\resolutionf-x-\cpp\solvefx\solvefx\debug\solvefx.tlog\link.command.1.tlog
e:\users\bilal\documents\github\resolutionf-x-\cpp\solvefx\solvefx\debug\solvefx.tlog\link.read.1.tlog
e:\users\bilal\documents\github\resolutionf-x-\cpp\solvefx\solvefx\debug\solvefx.tlog\link.write.1.tlog
